-----
all 50
* 12

stock mismatch 38
-----

11052002022
110520020224172<->110520020224172
0<->1

Stocks Mismatch.

11061001039
110610010393628<->110610010393628
-1<->0

Stocks Mismatch.

12052001113
120520011130475<->120520011130475
7<->0

Stocks Mismatch.

12052001113
120520011130476<->120520011130476
5<->0

Stocks Mismatch.

12052001113
120520011130575<->120520011130575
3<->0

Stocks Mismatch.

13042001043
130420010430178<->130420010430178
-1<->0

Stocks Mismatch.

11052002022
110520020224172<->110520020224172
0<->1

Stocks Mismatch.

13051007091
130510070914275<->130510070914275
1<->0

Stocks Mismatch.

13052001091
130520010914228<->130520010914228
1<->0

Stocks Mismatch.

11061001039
110610010393628<->110610010393628
-1<->0

Stocks Mismatch.

13061003022
130610030222865<->130610030222865
1<->0

Stocks Mismatch.

13061003022
130610030222965<->130610030222965
2<->0

Stocks Mismatch.

13061003022
130610030223165<->130610030223165
2<->0

Stocks Mismatch.

13061003022
130610030223365<->130610030223365
2<->0

Stocks Mismatch.

12052001113
120520011130475<->120520011130475
7<->0

Stocks Mismatch.

12052001113
120520011130476<->120520011130476
5<->0

Stocks Mismatch.

12052001113
120520011130575<->120520011130575
3<->0

Stocks Mismatch.

13042001043
130420010430178<->130420010430178
-1<->0

Stocks Mismatch.

14161003071
141610030714278<->141610030714278
-1<->0

Stocks Mismatch.

14261001005
142610010054402<->142610010054402
-1<->0

Stocks Mismatch.

13051007091
130510070914275<->130510070914275
1<->0

Stocks Mismatch.

*15041004019
150410040192850<->150410040192850
1<->0

Stocks Mismatch.

*15041004019
150410040192860<->150410040192860
1<->0

Stocks Mismatch.

*15041004019
150410040192875<->150410040192875
1<->0

Stocks Mismatch.

*15041004019
150410040191955<->150410040191955
1<->0

Stocks Mismatch.

*15041004019
150410040191960<->150410040191960
1<->0

Stocks Mismatch.

13052001091
130520010914228<->130520010914228
1<->0

Stocks Mismatch.

15051002019
150510020192875<->150510020192875
1<->0

Stocks Mismatch.

15051003035
150510030351945<->150510030351945
-1<->0

Stocks Mismatch.

13061003022
130610030222865<->130610030222865
1<->0

Stocks Mismatch.

13061003022
130610030222965<->130610030222965
2<->0

Stocks Mismatch.

13061003022
130610030223165<->130610030223165
2<->0

Stocks Mismatch.

13061003022
130610030223365<->130610030223365
2<->0

Stocks Mismatch.

15352004048
153520040482865<->153520040482865
-1<->0

Stocks Mismatch.

16061004035
160610040354402<->160610040354402
-1<->0

Stocks Mismatch.

14161003071
141610030714278<->141610030714278
-1<->0

Stocks Mismatch.

14261001005
142610010054402<->142610010054402
-1<->0

Stocks Mismatch.

*15041004019
150410040192850<->150410040192850
1<->0

Stocks Mismatch.

*15041004019
150410040192860<->150410040192860
1<->0

Stocks Mismatch.

*15041004019
150410040192875<->150410040192875
1<->0

Stocks Mismatch.

*15041004019
150410040191955<->150410040191955
1<->0

Stocks Mismatch.

*15041004019
150410040191960<->150410040191960
1<->0

Stocks Mismatch.

15051002019
150510020192875<->150510020192875
1<->0

Stocks Mismatch.

15051003035
150510030351945<->150510030351945
-1<->0

Stocks Mismatch.

15352004048
153520040482865<->153520040482865
-1<->0

Stocks Mismatch.

17151001035
171510010355019<->171510010355019
1<->0

Stocks Mismatch.

*18242008022
182420080220035<->182420080220035
2<->0

Stocks Mismatch.

16061004035
160610040354402<->160610040354402
-1<->0

Stocks Mismatch.

17151001035
171510010355019<->171510010355019
1<->0

Stocks Mismatch.

*18242008022
182420080220035<->182420080220035
2<->0

Stocks Mismatch.

