-----
all 33
* 15

stock mismatch 18

-----

*31051007054
310510070543802<->310510070543802
0<->1

Stocks Mismatch.

31052008054
310520080543719<->310520080543719
2<->0

Stocks Mismatch.

31061005035
310610050353775<->310610050353775
1<->0

Stocks Mismatch.

31061007039
310610070393655<->310610070393655
2<->0

Stocks Mismatch.

31061007054
310610070543772<->310610070543772
1<->0

Stocks Mismatch.

**34154002025
341540020254628<->341540020254628
1<->0

Stocks Mismatch.

**34154002025
341540020254828<->341540020254828
1<->0

Stocks Mismatch.

**34154002025
341540020255028<->341540020255028
1<->0

Stocks Mismatch.

34161001059
341610010593421<->341610010593421
1<->0

Stocks Mismatch.

34161003035
341610030354468<->341610030354468
1<->0

Stocks Mismatch.

36061003025
360610030259202<->360610030259202
2<->0

Stocks Mismatch.

37061003027
370610030274278<->370610030274278
1<->0

Stocks Mismatch.

37061003027
370610030274478<->370610030274478
1<->0

Stocks Mismatch.

37061003027
370610030274678<->370610030274678
1<->0

Stocks Mismatch.

37061003027
370610030274878<->370610030274878
1<->0

Stocks Mismatch.

37061003027
370610030275078<->370610030275078
1<->0

Stocks Mismatch.

37161001039
371610010394278<->371610010394278
1<->0

Stocks Mismatch.

37161002028
371610020284478<->371610020284478
1<->0

Stocks Mismatch.

37161002035
371610020354278<->371610020354278
1<->0

Stocks Mismatch.

37161005022
371610050224275<->371610050224275
1<->0

Stocks Mismatch.

**38261001039
382610010390038<->382610010390038
2<->0

Stocks Mismatch.

**38261001039
382610010390065<->382610010390065
2<->0

Stocks Mismatch.

**38261001039
382610010390078<->382610010390078
2<->0

Stocks Mismatch.

**38261002039
382610020390072<->382610020390072
1<->0

Stocks Mismatch.

**38261003039
382610030390075<->382610030390075
4<->0

Stocks Mismatch.

**38261004039
382610040390075<->382610040390075
2<->0

Stocks Mismatch.

**38261004039
382610040390078<->382610040390078
2<->0

Stocks Mismatch.

**38261005039
382610050390078<->382610050390078
3<->0

Stocks Mismatch.

**38261006039
382610060390078<->382610060390078
1<->0

Stocks Mismatch.

**38261007039
382610070390078<->382610070390078
2<->0

Stocks Mismatch.

**38261009039
382610090390078<->382610090390078
1<->0

Stocks Mismatch.

39022001020
390220010200038<->390220010200038
3<->0

Stocks Mismatch.

39022004020
390220040200038<->390220040200038
3<->0

Stocks Mismatch.

