商品コード
SKUコード
左はクロスモール在庫<->右はCUBE在庫


11061001025
110610010253673<->110610010253673
2<->0

Stock Mismatch.

11061001025
110610010253873<->110610010253873
1<->0

Stock Mismatch.

11061001025
110610010254073<->110610010254073
1<->0

Stock Mismatch.

12052001113
120520011130475<->120520011130475
7<->0

Stock Mismatch.

12052001113
120520011130476<->120520011130476
5<->0

Stock Mismatch.

12052001113
120520011130575<->120520011130575
3<->0

Stock Mismatch.

12061001025
120610010259202<->120610010259202
2<->0

Stock Mismatch.

12061001025
120610010259268<->120610010259268
2<->0

Stock Mismatch.

12061001025
120610010259302<->120610010259302
2<->0

Stock Mismatch.

12061001025
120610010259368<->120610010259368
2<->0

Stock Mismatch.

12061001025
120610010259402<->120610010259402
1<->0

Stock Mismatch.

12061001025
120610010259468<->120610010259468
1<->0

Stock Mismatch.

12161001025
121610010259212<->121610010259212
2<->0

Stock Mismatch.

12161001025
121610010259302<->121610010259302
2<->0

Stock Mismatch.

12161001025
121610010259312<->121610010259312
2<->0

Stock Mismatch.

12161001025
121610010259402<->121610010259402
1<->0

Stock Mismatch.

12161001025
121610010259412<->121610010259412
1<->0

Stock Mismatch.

12161002025
121610020259202<->121610020259202
2<->0

Stock Mismatch.

12161002025
121610020259212<->121610020259212
1<->0

Stock Mismatch.

12161002025
121610020259302<->121610020259302
2<->0

Stock Mismatch.

12161002025
121610020259312<->121610020259312
1<->0

Stock Mismatch.

12161002025
121610020259402<->121610020259402
1<->0

Stock Mismatch.

12161002025
121610020259412<->121610020259412
1<->0

Stock Mismatch.

13042001043
130420010430178<->130420010430178
-1<->0

Stock Mismatch.

13051007091
130510070914275<->130510070914275
1<->0

Stock Mismatch.

13052001091
130520010914228<->130520010914228
1<->0

Stock Mismatch.

13061001025
130610010253821<->130610010253821
2<->0

Stock Mismatch.

13061001025
130610010253868<->130610010253868
2<->0

Stock Mismatch.

13061001025
130610010254021<->130610010254021
1<->0

Stock Mismatch.

13061001025
130610010254068<->130610010254068
1<->0

Stock Mismatch.

13061002039
130610020395078<->130610020395078
-1<->0

Stock Mismatch.

13061003022
130610030222865<->130610030222865
1<->0

Stock Mismatch.

13061003022
130610030222965<->130610030222965
2<->0

Stock Mismatch.

13061003022
130610030223165<->130610030223165
2<->0

Stock Mismatch.

13061003022
130610030223365<->130610030223365
2<->0

Stock Mismatch.

14061001025
140610010259278<->140610010259278
2<->0

Stock Mismatch.

14061001025
140610010259378<->140610010259378
2<->0

Stock Mismatch.

14061001025
140610010259478<->140610010259478
1<->0

Stock Mismatch.

15041004019
150410040192850<->150410040192850
1<->0

Stock Mismatch.

15041004019
150410040192860<->150410040192860
1<->0

Stock Mismatch.

15041004019
150410040192875<->150410040192875
1<->0

Stock Mismatch.

15041004019
150410040191955<->150410040191955
1<->0

Stock Mismatch.

15041004019
150410040191960<->150410040191960
1<->0

Stock Mismatch.

15352004048
153520040482865<->153520040482865
-1<->0

Stock Mismatch.

16061001025
160610010259265<->160610010259265
2<->0

Stock Mismatch.

16061001025
160610010259365<->160610010259365
2<->0

Stock Mismatch.

16061001025
160610010259465<->160610010259465
1<->0

Stock Mismatch.

16061002025
160610020259278<->160610020259278
2<->0

Stock Mismatch.

16061002025
160610020259378<->160610020259378
2<->0

Stock Mismatch.

16061002025
160610020259478<->160610020259478
1<->0

Stock Mismatch.

16061003025
160610030259278<->160610030259278
1<->0

Stock Mismatch.

16061003025
160610030259478<->160610030259478
1<->0

Stock Mismatch.

16061004025
160610040259221<->160610040259221
2<->0

Stock Mismatch.

16061004025
160610040259321<->160610040259321
2<->0

Stock Mismatch.

16061004025
160610040259421<->160610040259421
1<->0

Stock Mismatch.

16061005025
160610050259265<->160610050259265
1<->0

Stock Mismatch.

16061005025
160610050259365<->160610050259365
1<->0

Stock Mismatch.

16061005025
160610050259465<->160610050259465
1<->0

Stock Mismatch.

17151001035
171510010355019<->171510010355019
1<->0

Stock Mismatch.

18242008022
182420080220035<->182420080220035
2<->0

Stock Mismatch.

