商品コード
SKUコード
左はクロスモール在庫<->右はCUBE在庫

32161003027
321610030279102<->321610030279102
3<->0

Stock Mismatch.

32161003027
321610030279112<->321610030279112
2<->0

Stock Mismatch.

32161003027
321610030279175<->321610030279175
2<->0

Stock Mismatch.

32161003027
321610030279178<->321610030279178
3<->0

Stock Mismatch.

32161003027
321610030279119<->321610030279119
2<->0

Stock Mismatch.

32161003027
321610030279202<->321610030279202
3<->0

Stock Mismatch.

32161003027
321610030279212<->321610030279212
2<->0

Stock Mismatch.

32161003027
321610030279275<->321610030279275
2<->0

Stock Mismatch.

32161003027
321610030279278<->321610030279278
3<->0

Stock Mismatch.

32161003027
321610030279219<->321610030279219
1<->0

Stock Mismatch.

32161003027
321610030279302<->321610030279302
2<->0

Stock Mismatch.

32161003027
321610030279312<->321610030279312
2<->0

Stock Mismatch.

32161003027
321610030279375<->321610030279375
2<->0

Stock Mismatch.

32161003027
321610030279378<->321610030279378
2<->0

Stock Mismatch.

32161003027
321610030279319<->321610030279319
2<->0

Stock Mismatch.

32161003027
321610030279402<->321610030279402
1<->0

Stock Mismatch.

32161003027
321610030279412<->321610030279412
1<->0

Stock Mismatch.

32161003027
321610030279419<->321610030279419
2<->0

Stock Mismatch.

32161004027
321610040279102<->321610040279102
1<->0

Stock Mismatch.

32161004027
321610040279115<->321610040279115
1<->0

Stock Mismatch.

32161004027
321610040279178<->321610040279178
1<->0

Stock Mismatch.

32161004027
321610040279119<->321610040279119
1<->0

Stock Mismatch.

32161004027
321610040279202<->321610040279202
1<->0

Stock Mismatch.

32161004027
321610040279215<->321610040279215
2<->0

Stock Mismatch.

32161004027
321610040279278<->321610040279278
2<->0

Stock Mismatch.

32161004027
321610040279219<->321610040279219
2<->0

Stock Mismatch.

32161004027
321610040279302<->321610040279302
2<->0

Stock Mismatch.

32161004027
321610040279315<->321610040279315
2<->0

Stock Mismatch.

32161004027
321610040279378<->321610040279378
2<->0

Stock Mismatch.

32161004027
321610040279319<->321610040279319
2<->0

Stock Mismatch.

32161004027
321610040279402<->321610040279402
1<->0

Stock Mismatch.

32161004027
321610040279478<->321610040279478
1<->0

Stock Mismatch.

32161004027
321610040279419<->321610040279419
1<->0

Stock Mismatch.

33061001039
330610010394221<->330610010394221
2<->0

Stock Mismatch.

33061001039
330610010394278<->330610010394278
1<->0

Stock Mismatch.

33061001039
330610010394421<->330610010394421
2<->0

Stock Mismatch.

33061001039
330610010394478<->330610010394478
2<->0

Stock Mismatch.

33061001039
330610010394621<->330610010394621
2<->0

Stock Mismatch.

33061001039
330610010394678<->330610010394678
2<->0

Stock Mismatch.

33061001039
330610010394821<->330610010394821
1<->0

Stock Mismatch.

33061001039
330610010394878<->330610010394878
2<->0

Stock Mismatch.

33061001067
330610010672902<->330610010672902
2<->0

Stock Mismatch.

33061001067
330610010673002<->330610010673002
2<->0

Stock Mismatch.

33061001067
330610010673102<->330610010673102
3<->0

Stock Mismatch.

33061001067
330610010673202<->330610010673202
3<->0

Stock Mismatch.

33061001067
330610010673302<->330610010673302
2<->0

Stock Mismatch.

33061002039
330610020394202<->330610020394202
1<->0

Stock Mismatch.

33061002039
330610020394268<->330610020394268
1<->0

Stock Mismatch.

33061002039
330610020394278<->330610020394278
1<->0

Stock Mismatch.

33061002039
330610020394402<->330610020394402
2<->0

Stock Mismatch.

33061002039
330610020394468<->330610020394468
2<->0

Stock Mismatch.

33061002039
330610020394478<->330610020394478
2<->0

Stock Mismatch.

33061002039
330610020394602<->330610020394602
2<->0

Stock Mismatch.

33061002039
330610020394668<->330610020394668
2<->0

Stock Mismatch.

33061002039
330610020394678<->330610020394678
2<->0

Stock Mismatch.

33061002039
330610020394802<->330610020394802
1<->0

Stock Mismatch.

33061002039
330610020394868<->330610020394868
1<->0

Stock Mismatch.

33061002039
330610020394878<->330610020394878
1<->0

Stock Mismatch.

33061004067
330610040672975<->330610040672975
2<->0

Stock Mismatch.

33061004067
330610040673075<->330610040673075
1<->0

Stock Mismatch.

33061004067
330610040673175<->330610040673175
3<->0

Stock Mismatch.

33061004067
330610040673275<->330610040673275
3<->0

Stock Mismatch.

33061004067
330610040673375<->330610040673375
2<->0

Stock Mismatch.

33061023081
330610230812875<->330610230812875
1<->0

Stock Mismatch.

33061023081
330610230812975<->330610230812975
2<->0

Stock Mismatch.

33061023081
330610230813075<->330610230813075
2<->0

Stock Mismatch.

33061023081
330610230813175<->330610230813175
2<->0

Stock Mismatch.

33061023081
330610230813275<->330610230813275
1<->0

Stock Mismatch.

33061023081
330610230813375<->330610230813375
1<->0

Stock Mismatch.

33061026081
330610260812978<->330610260812978
2<->0

Stock Mismatch.

33061026081
330610260813078<->330610260813078
2<->0

Stock Mismatch.

33061026081
330610260813178<->330610260813178
2<->0

Stock Mismatch.

33061026081
330610260813278<->330610260813278
2<->0

Stock Mismatch.

33061026081
330610260813378<->330610260813378
1<->0

Stock Mismatch.

34154002025
341540020254628<->341540020254628
1<->0

Stock Mismatch.

34154002025
341540020254828<->341540020254828
1<->0

Stock Mismatch.

34154002025
341540020255028<->341540020255028
1<->0

Stock Mismatch.

34161005060
341610050609275<->341610050609275
2<->0

Stock Mismatch.

34161005060
341610050609375<->341610050609375
2<->0

Stock Mismatch.

34161006060
341610060609278<->341610060609278
1<->0

Stock Mismatch.

34161006060
341610060609378<->341610060609378
1<->0

Stock Mismatch.

34161006060
341610060609478<->341610060609478
1<->0

Stock Mismatch.

34161009060
341610090609221<->341610090609221
1<->0

Stock Mismatch.

34161009060
341610090609321<->341610090609321
1<->0

Stock Mismatch.

34161009060
341610090609421<->341610090609421
1<->0

Stock Mismatch.

34161010060
341610100609268<->341610100609268
1<->0

Stock Mismatch.

34161010060
341610100609278<->341610100609278
1<->0

Stock Mismatch.

34161010060
341610100609368<->341610100609368
1<->0

Stock Mismatch.

34161010060
341610100609378<->341610100609378
1<->0

Stock Mismatch.

34161010060
341610100609478<->341610100609478
1<->0

Stock Mismatch.

34261001068
342610010684419<->342610010684419
1<->0

Stock Mismatch.

34261001068
342610010684619<->342610010684619
1<->0

Stock Mismatch.

34261001068
342610010684819<->342610010684819
1<->0

Stock Mismatch.

35261002114
352610021141239<->352610021141239
1<->0

Stock Mismatch.

35261002114
352610021141240<->352610021141240
2<->0

Stock Mismatch.

35261002114
352610021141241<->352610021141241
1<->0

Stock Mismatch.

35261002114
352610021141242<->352610021141242
2<->0

Stock Mismatch.

35261002114
352610021141243<->352610021141243
1<->0

Stock Mismatch.

35261002114
352610021147539<->352610021147539
1<->0

Stock Mismatch.

35261002114
352610021147540<->352610021147540
2<->0

Stock Mismatch.

35261002114
352610021147541<->352610021147541
2<->0

Stock Mismatch.

35261002114
352610021147542<->352610021147542
2<->0

Stock Mismatch.

35261002114
352610021147543<->352610021147543
1<->0

Stock Mismatch.

37061003027
370610030274278<->370610030274278
1<->0

Stock Mismatch.

37061003027
370610030274478<->370610030274478
1<->0

Stock Mismatch.

37061003027
370610030274878<->370610030274878
1<->0

Stock Mismatch.

37061003027
370610030275078<->370610030275078
1<->0

Stock Mismatch.

37061005027
370610050274278<->370610050274278
1<->0

Stock Mismatch.

37061005027
370610050274478<->370610050274478
1<->0

Stock Mismatch.

37061005027
370610050274678<->370610050274678
1<->0

Stock Mismatch.

37061005027
370610050274878<->370610050274878
1<->0

Stock Mismatch.

37061005027
370610050275078<->370610050275078
1<->0

Stock Mismatch.

38122001020
381220010203602<->381220010203602
-1<->0

Stock Mismatch.

39022001020
390220010200038<->390220010200038
3<->0

Stock Mismatch.

39022004020
390220040200038<->390220040200038
3<->0

Stock Mismatch.

